

              |\      _,,,--,,_
             /,`.-'`'   ._  \-;;,_
  _______ __|,4-  ) )_   .;.(__`'-'__     ___ __    _ ___ _______
 |       | '---''(_/._)-'(_\_)   |   |   |   |  |  | |   |       |
 |    _  |    ___|_     _|       |   |   |   |   |_| |   |       | __ _ _
 |   |_| |   |___  |   | |       |   |   |   |       |   |       | \ \ \ \
 |    ___|    ___| |   | |      _|   |___|   |  _    |   |      _|  \ \ \ \
 |   |   |   |___  |   | |     |_|       |   | | |   |   |     |_    ) ) ) )
 |___|   |_______| |___| |_______|_______|___|_|  |__|___|_______|  / / / /
 ==================================================================/_/_/_/

:: Built with Spring Boot :: 3.1.1


2023-08-23T14:15:04.387+04:00  INFO 60447 --- [           main] o.s.s.petclinic.PetClinicApplication     : Starting PetClinicApplication v3.2.1-SNAPSHOT using Java 20.0.1 with PID 60447 (/Users/aushkov/maven_final/target/spring-petclinic-3.2.1-SNAPSHOT.jar started by aushkov in /Users/aushkov/maven_final)
2023-08-23T14:15:04.393+04:00  INFO 60447 --- [           main] o.s.s.petclinic.PetClinicApplication     : No active profile set, falling back to 1 default profile: "default"
2023-08-23T14:15:05.851+04:00  INFO 60447 --- [           main] .s.d.r.c.RepositoryConfigurationDelegate : Bootstrapping Spring Data JPA repositories in DEFAULT mode.
2023-08-23T14:15:05.932+04:00  INFO 60447 --- [           main] .s.d.r.c.RepositoryConfigurationDelegate : Finished Spring Data repository scanning in 71 ms. Found 2 JPA repository interfaces.
2023-08-23T14:15:06.844+04:00  INFO 60447 --- [           main] o.s.b.w.embedded.tomcat.TomcatWebServer  : Tomcat initialized with port(s): 8080 (http)
2023-08-23T14:15:06.857+04:00  INFO 60447 --- [           main] o.apache.catalina.core.StandardService   : Starting service [Tomcat]
2023-08-23T14:15:06.857+04:00  INFO 60447 --- [           main] o.apache.catalina.core.StandardEngine    : Starting Servlet engine: [Apache Tomcat/10.1.10]
2023-08-23T14:15:06.955+04:00  INFO 60447 --- [           main] o.a.c.c.C.[Tomcat].[localhost].[/]       : Initializing Spring embedded WebApplicationContext
2023-08-23T14:15:06.957+04:00  INFO 60447 --- [           main] w.s.c.ServletWebServerApplicationContext : Root WebApplicationContext: initialization completed in 2487 ms
2023-08-23T14:15:07.229+04:00  INFO 60447 --- [           main] com.zaxxer.hikari.HikariDataSource       : HikariPool-1 - Starting...
2023-08-23T14:15:07.488+04:00  INFO 60447 --- [           main] com.zaxxer.hikari.pool.HikariPool        : HikariPool-1 - Added connection conn0: url=jdbc:h2:mem:fac0b6fa-a8ed-4d82-9193-1cad669d8f4d user=SA
2023-08-23T14:15:07.490+04:00  INFO 60447 --- [           main] com.zaxxer.hikari.HikariDataSource       : HikariPool-1 - Start completed.
2023-08-23T14:15:07.678+04:00  INFO 60447 --- [           main] o.hibernate.jpa.internal.util.LogHelper  : HHH000204: Processing PersistenceUnitInfo [name: default]
2023-08-23T14:15:07.735+04:00  INFO 60447 --- [           main] org.hibernate.Version                    : HHH000412: Hibernate ORM core version 6.2.5.Final
2023-08-23T14:15:07.737+04:00  INFO 60447 --- [           main] org.hibernate.cfg.Environment            : HHH000406: Using bytecode reflection optimizer
2023-08-23T14:15:07.863+04:00  INFO 60447 --- [           main] o.h.b.i.BytecodeProviderInitiator        : HHH000021: Bytecode provider name : bytebuddy
2023-08-23T14:15:07.973+04:00  INFO 60447 --- [           main] o.s.o.j.p.SpringPersistenceUnitInfo      : No LoadTimeWeaver setup: ignoring JPA class transformer
2023-08-23T14:15:08.288+04:00  INFO 60447 --- [           main] o.h.b.i.BytecodeProviderInitiator        : HHH000021: Bytecode provider name : bytebuddy
2023-08-23T14:15:09.074+04:00  INFO 60447 --- [           main] o.h.e.t.j.p.i.JtaPlatformInitiator       : HHH000490: Using JtaPlatform implementation: [org.hibernate.engine.transaction.jta.platform.internal.NoJtaPlatform]
2023-08-23T14:15:09.077+04:00  INFO 60447 --- [           main] j.LocalContainerEntityManagerFactoryBean : Initialized JPA EntityManagerFactory for persistence unit 'default'
2023-08-23T14:15:09.342+04:00  INFO 60447 --- [           main] o.s.d.j.r.query.QueryEnhancerFactory     : Hibernate is in classpath; If applicable, HQL parser will be used.
2023-08-23T14:15:10.515+04:00  INFO 60447 --- [           main] o.s.b.a.e.web.EndpointLinksResolver      : Exposing 13 endpoint(s) beneath base path '/actuator'
2023-08-23T14:15:10.616+04:00  INFO 60447 --- [           main] o.s.b.w.embedded.tomcat.TomcatWebServer  : Tomcat started on port(s): 8080 (http) with context path ''
2023-08-23T14:15:10.630+04:00  INFO 60447 --- [           main] o.s.s.petclinic.PetClinicApplication     : Started PetClinicApplication in 6.847 seconds (process running for 7.597)
2023-08-23T14:16:00.788+04:00  INFO 60447 --- [nio-8080-exec-1] o.a.c.c.C.[Tomcat].[localhost].[/]       : Initializing Spring DispatcherServlet 'dispatcherServlet'
2023-08-23T14:16:00.788+04:00  INFO 60447 --- [nio-8080-exec-1] o.s.web.servlet.DispatcherServlet        : Initializing Servlet 'dispatcherServlet'
2023-08-23T14:16:00.790+04:00  INFO 60447 --- [nio-8080-exec-1] o.s.web.servlet.DispatcherServlet        : Completed initialization in 2 ms
2023-08-23T15:26:38.692+04:00  INFO 60447 --- [ionShutdownHook] j.LocalContainerEntityManagerFactoryBean : Closing JPA EntityManagerFactory for persistence unit 'default'
2023-08-23T15:26:38.696+04:00  INFO 60447 --- [ionShutdownHook] com.zaxxer.hikari.HikariDataSource       : HikariPool-1 - Shutdown initiated...
2023-08-23T15:26:38.698+04:00  INFO 60447 --- [ionShutdownHook] com.zaxxer.hikari.HikariDataSource       : HikariPool-1 - Shutdown completed.
